#
# There is insufficient memory for the Java Runtime Environment to continue.
# Native memory allocation (malloc) failed to allocate 1056096 bytes for Chunk::new
# Possible reasons:
#   The system is out of physical RAM or swap space
#   The process is running with CompressedOops enabled, and the Java Heap may be blocking the growth of the native heap
# Possible solutions:
#   Reduce memory load on the system
#   Increase physical memory or swap space
#   Check if swap backing store is full
#   Decrease Java heap size (-Xmx/-Xms)
#   Decrease number of Java threads
#   Decrease Java thread stack sizes (-Xss)
#   Set larger code cache with -XX:ReservedCodeCacheSize=
#   JVM is running with Unscaled Compressed Oops mode in which the Java heap is
#     placed in the first 4GB address space. The Java Heap base address is the
#     maximum limit for the native heap growth. Please use -XX:HeapBaseMinAddress
#     to set the Java Heap base and to place the Java Heap above 4GB virtual address.
# This output file may be truncated or incomplete.
#
#  Out of Memory Error (t:/workspace/open/src/hotspot/share/memory/arena.cpp:197), pid=8480, tid=7496
#
# JRE version: Java(TM) SE Runtime Environment (12.0.2+10) (build 12.0.2+10)
# Java VM: Java HotSpot(TM) 64-Bit Server VM (12.0.2+10, mixed mode, sharing, tiered, compressed oops, g1 gc, windows-amd64)
# No core dump will be written. Minidumps are not enabled by default on client versions of Windows
#

---------------  S U M M A R Y ------------

Command Line: -Dclassworlds.conf=C:\netbeans\java\maven\bin\m2.conf -Dmaven.home=C:\netbeans\java\maven -Dmaven.multiModuleProjectDirectory=C:\Users\danny\OneDrive\Documents\NetBeansProjects\DigitalClock org.codehaus.plexus.classworlds.launcher.Launcher -Dexec.args=-classpath %classpath digital_clock.DigitalClock -Dexec.executable=C:\Program Files\Java\jdk-12.0.2\bin\java.exe -Dmaven.ext.class.path=C:\netbeans\java\maven-nblib\netbeans-eventspy.jar -Dfile.encoding=UTF-8 process-classes org.codehaus.mojo:exec-maven-plugin:1.5.0:exec

Host: Intel(R) Core(TM) i5-8250U CPU @ 1.60GHz, 8 cores, 7G,  Windows 10 , 64 bit Build 17763 (10.0.17763.475)
Time: Tue Mar  3 21:58:49 2020 Eastern Standard Time elapsed time: 2 seconds (0d 0h 0m 2s)

---------------  T H R E A D  ---------------

Current thread (0x000001e3a48e9800):  JavaThread "C2 CompilerThread1" daemon [_thread_in_native, id=7496, stack(0x000000889e300000,0x000000889e400000)]


Current CompileTask:
C2:   2558 2900       4       org.eclipse.sisu.plexus.RealmFilteredBeans$FilteredItr::hasNext (81 bytes)

Stack: [0x000000889e300000,0x000000889e400000]
Native frames: (J=compiled Java code, j=interpreted, Vv=VM code, C=native code)
V  [jvm.dll+0x63aa2a]
V  [jvm.dll+0x78ce1e]
V  [jvm.dll+0x78e4c1]
V  [jvm.dll+0x78eb13]
V  [jvm.dll+0x2627e8]
V  [jvm.dll+0xc55cc]
V  [jvm.dll+0xc5b4c]
V  [jvm.dll+0x2d4034]
V  [jvm.dll+0x5569ad]
V  [jvm.dll+0x2246f7]
V  [jvm.dll+0x21e313]
V  [jvm.dll+0x21b2b6]
V  [jvm.dll+0x199a20]
V  [jvm.dll+0x22a744]
V  [jvm.dll+0x228d98]
V  [jvm.dll+0x7512a0]
V  [jvm.dll+0x74a2c8]
V  [jvm.dll+0x639b16]
C  [ucrtbase.dll+0x21ffa]
C  [KERNEL32.DLL+0x17974]
C  [ntdll.dll+0x6a261]


---------------  P R O C E S S  ---------------

Threads class SMR info:
_java_thread_list=0x000001e3a56dc760, length=12, elements={
0x000001e3848ee800, 0x000001e3a359c800, 0x000001e3a359e000, 0x000001e3a35b9000,
0x000001e3a35ba800, 0x000001e3a35bc800, 0x000001e3a35c3800, 0x000001e3a35c4800,
0x000001e3a4019800, 0x000001e3a401b000, 0x000001e3a48e9800, 0x000001e3a51a4000
}

Java Threads: ( => current thread )
  0x000001e3848ee800 JavaThread "main" [_thread_in_native, id=11444, stack(0x000000889d200000,0x000000889d300000)]
  0x000001e3a359c800 JavaThread "Reference Handler" daemon [_thread_blocked, id=11572, stack(0x000000889d900000,0x000000889da00000)]
  0x000001e3a359e000 JavaThread "Finalizer" daemon [_thread_blocked, id=9832, stack(0x000000889da00000,0x000000889db00000)]
  0x000001e3a35b9000 JavaThread "Signal Dispatcher" daemon [_thread_blocked, id=592, stack(0x000000889db00000,0x000000889dc00000)]
  0x000001e3a35ba800 JavaThread "Attach Listener" daemon [_thread_blocked, id=12148, stack(0x000000889dc00000,0x000000889dd00000)]
  0x000001e3a35bc800 JavaThread "C2 CompilerThread0" daemon [_thread_in_native, id=13472, stack(0x000000889dd00000,0x000000889de00000)]
  0x000001e3a35c3800 JavaThread "C1 CompilerThread0" daemon [_thread_in_native, id=3916, stack(0x000000889de00000,0x000000889df00000)]
  0x000001e3a35c4800 JavaThread "Sweeper thread" daemon [_thread_blocked, id=2352, stack(0x000000889df00000,0x000000889e000000)]
  0x000001e3a4019800 JavaThread "Service Thread" daemon [_thread_blocked, id=8452, stack(0x000000889e000000,0x000000889e100000)]
  0x000001e3a401b000 JavaThread "Common-Cleaner" daemon [_thread_blocked, id=8720, stack(0x000000889e200000,0x000000889e300000)]
=>0x000001e3a48e9800 JavaThread "C2 CompilerThread1" daemon [_thread_in_native, id=7496, stack(0x000000889e300000,0x000000889e400000)]
  0x000001e3a51a4000 JavaThread "C2 CompilerThread2" daemon [_thread_in_native, id=15352, stack(0x000000889e400000,0x000000889e500000)]

Other Threads:
  0x000001e3a359c000 VMThread "VM Thread" [stack: 0x000000889d800000,0x000000889d900000] [id=13460]
  0x000001e3a401a000 WatcherThread [stack: 0x000000889e100000,0x000000889e200000] [id=11116]
  0x000001e38492c000 GCTaskThread "GC Thread#0" [stack: 0x000000889d300000,0x000000889d400000] [id=10892]
  0x000001e3a4456000 GCTaskThread "GC Thread#1" [stack: 0x000000889e500000,0x000000889e600000] [id=6000]
  0x000001e3a4451000 GCTaskThread "GC Thread#2" [stack: 0x000000889e600000,0x000000889e700000] [id=14124]
  0x000001e384939800 ConcurrentGCThread "G1 Main Marker" [stack: 0x000000889d400000,0x000000889d500000] [id=14836]
  0x000001e38493d800 ConcurrentGCThread "G1 Conc#0" [stack: 0x000000889d500000,0x000000889d600000] [id=13804]
  0x000001e3849bc800 ConcurrentGCThread "G1 Refine#0" [stack: 0x000000889d600000,0x000000889d700000] [id=14064]
  0x000001e3a3412800 ConcurrentGCThread "G1 Young RemSet Sampling" [stack: 0x000000889d700000,0x000000889d800000] [id=8240]

Threads with active compile tasks:
C2 CompilerThread0  2922       4       java.util.ArrayList::addAll (76 bytes)
C1 CompilerThread0  3059       3       org.netbeans.modules.maven.event.NbEventSpy::onEvent (1102 bytes)
C2 CompilerThread1  2900       4       org.eclipse.sisu.plexus.RealmFilteredBeans$FilteredItr::hasNext (81 bytes)
C2 CompilerThread2  2924       4       org.eclipse.sisu.inject.LocatedBeans$Itr::hasNext (161 bytes)

VM state:not at safepoint (normal execution)

VM Mutex/Monitor currently owned by a thread: None

Heap address: 0x0000000081c00000, size: 2020 MB, Compressed Oops mode: 32-bit
Narrow klass base: 0x0000000800000000, Narrow klass shift: 3
Compressed class space size: 1073741824 Address: 0x0000000801190000

Heap:
 garbage-first heap   total 131072K, used 17937K [0x0000000081c00000, 0x0000000100000000)
  region size 1024K, 19 young (19456K), 8 survivors (8192K)
 Metaspace       used 13524K, capacity 15210K, committed 15488K, reserved 1062912K
  class space    used 1577K, capacity 1839K, committed 1920K, reserved 1048576K
Heap Regions: E=young(eden), S=young(survivor), O=old, HS=humongous(starts), HC=humongous(continues), CS=collection set, F=free, A=archive, TAMS=top-at-mark-start (previous, next)
|   0|0x0000000081c00000, 0x0000000081c3be00, 0x0000000081d00000| 23%| O|  |TAMS 0x0000000081c00000, 0x0000000081c00000| Untracked 
|   1|0x0000000081d00000, 0x0000000081d00000, 0x0000000081e00000|  0%| F|  |TAMS 0x0000000081d00000, 0x0000000081d00000| Untracked 
|   2|0x0000000081e00000, 0x0000000081e00000, 0x0000000081f00000|  0%| F|  |TAMS 0x0000000081e00000, 0x0000000081e00000| Untracked 
|   3|0x0000000081f00000, 0x0000000081f00000, 0x0000000082000000|  0%| F|  |TAMS 0x0000000081f00000, 0x0000000081f00000| Untracked 
|   4|0x0000000082000000, 0x0000000082000000, 0x0000000082100000|  0%| F|  |TAMS 0x0000000082000000, 0x0000000082000000| Untracked 
|   5|0x0000000082100000, 0x0000000082100000, 0x0000000082200000|  0%| F|  |TAMS 0x0000000082100000, 0x0000000082100000| Untracked 
|   6|0x0000000082200000, 0x0000000082200000, 0x0000000082300000|  0%| F|  |TAMS 0x0000000082200000, 0x0000000082200000| Untracked 
|   7|0x0000000082300000, 0x0000000082300000, 0x0000000082400000|  0%| F|  |TAMS 0x0000000082300000, 0x0000000082300000| Untracked 
|   8|0x0000000082400000, 0x0000000082400000, 0x0000000082500000|  0%| F|  |TAMS 0x0000000082400000, 0x0000000082400000| Untracked 
|   9|0x0000000082500000, 0x0000000082500000, 0x0000000082600000|  0%| F|  |TAMS 0x0000000082500000, 0x0000000082500000| Untracked 
|  10|0x0000000082600000, 0x0000000082600000, 0x0000000082700000|  0%| F|  |TAMS 0x0000000082600000, 0x0000000082600000| Untracked 
|  11|0x0000000082700000, 0x0000000082700000, 0x0000000082800000|  0%| F|  |TAMS 0x0000000082700000, 0x0000000082700000| Untracked 
|  12|0x0000000082800000, 0x0000000082800000, 0x0000000082900000|  0%| F|  |TAMS 0x0000000082800000, 0x0000000082800000| Untracked 
|  13|0x0000000082900000, 0x0000000082900000, 0x0000000082a00000|  0%| F|  |TAMS 0x0000000082900000, 0x0000000082900000| Untracked 
|  14|0x0000000082a00000, 0x0000000082a00000, 0x0000000082b00000|  0%| F|  |TAMS 0x0000000082a00000, 0x0000000082a00000| Untracked 
|  15|0x0000000082b00000, 0x0000000082b00000, 0x0000000082c00000|  0%| F|  |TAMS 0x0000000082b00000, 0x0000000082b00000| Untracked 
|  16|0x0000000082c00000, 0x0000000082c00000, 0x0000000082d00000|  0%| F|  |TAMS 0x0000000082c00000, 0x0000000082c00000| Untracked 
|  17|0x0000000082d00000, 0x0000000082d00000, 0x0000000082e00000|  0%| F|  |TAMS 0x0000000082d00000, 0x0000000082d00000| Untracked 
|  18|0x0000000082e00000, 0x0000000082e00000, 0x0000000082f00000|  0%| F|  |TAMS 0x0000000082e00000, 0x0000000082e00000| Untracked 
|  19|0x0000000082f00000, 0x0000000082f00000, 0x0000000083000000|  0%| F|  |TAMS 0x0000000082f00000, 0x0000000082f00000| Untracked 
|  20|0x0000000083000000, 0x0000000083000000, 0x0000000083100000|  0%| F|  |TAMS 0x0000000083000000, 0x0000000083000000| Untracked 
|  21|0x0000000083100000, 0x0000000083100000, 0x0000000083200000|  0%| F|  |TAMS 0x0000000083100000, 0x0000000083100000| Untracked 
|  22|0x0000000083200000, 0x0000000083200000, 0x0000000083300000|  0%| F|  |TAMS 0x0000000083200000, 0x0000000083200000| Untracked 
|  23|0x0000000083300000, 0x0000000083300000, 0x0000000083400000|  0%| F|  |TAMS 0x0000000083300000, 0x0000000083300000| Untracked 
|  24|0x0000000083400000, 0x0000000083400000, 0x0000000083500000|  0%| F|  |TAMS 0x0000000083400000, 0x0000000083400000| Untracked 
|  25|0x0000000083500000, 0x0000000083500000, 0x0000000083600000|  0%| F|  |TAMS 0x0000000083500000, 0x0000000083500000| Untracked 
|  26|0x0000000083600000, 0x0000000083600000, 0x0000000083700000|  0%| F|  |TAMS 0x0000000083600000, 0x0000000083600000| Untracked 
|  27|0x0000000083700000, 0x0000000083700000, 0x0000000083800000|  0%| F|  |TAMS 0x0000000083700000, 0x0000000083700000| Untracked 
|  28|0x0000000083800000, 0x0000000083800000, 0x0000000083900000|  0%| F|  |TAMS 0x0000000083800000, 0x0000000083800000| Untracked 
|  29|0x0000000083900000, 0x0000000083900000, 0x0000000083a00000|  0%| F|  |TAMS 0x0000000083900000, 0x0000000083900000| Untracked 
|  30|0x0000000083a00000, 0x0000000083a00000, 0x0000000083b00000|  0%| F|  |TAMS 0x0000000083a00000, 0x0000000083a00000| Untracked 
|  31|0x0000000083b00000, 0x0000000083b00000, 0x0000000083c00000|  0%| F|  |TAMS 0x0000000083b00000, 0x0000000083b00000| Untracked 
|  32|0x0000000083c00000, 0x0000000083c00000, 0x0000000083d00000|  0%| F|  |TAMS 0x0000000083c00000, 0x0000000083c00000| Untracked 
|  33|0x0000000083d00000, 0x0000000083d00000, 0x0000000083e00000|  0%| F|  |TAMS 0x0000000083d00000, 0x0000000083d00000| Untracked 
|  34|0x0000000083e00000, 0x0000000083e00000, 0x0000000083f00000|  0%| F|  |TAMS 0x0000000083e00000, 0x0000000083e00000| Untracked 
|  35|0x0000000083f00000, 0x0000000083f00000, 0x0000000084000000|  0%| F|  |TAMS 0x0000000083f00000, 0x0000000083f00000| Untracked 
|  36|0x0000000084000000, 0x0000000084000000, 0x0000000084100000|  0%| F|  |TAMS 0x0000000084000000, 0x0000000084000000| Untracked 
|  37|0x0000000084100000, 0x0000000084100000, 0x0000000084200000|  0%| F|  |TAMS 0x0000000084100000, 0x0000000084100000| Untracked 
|  38|0x0000000084200000, 0x0000000084200000, 0x0000000084300000|  0%| F|  |TAMS 0x0000000084200000, 0x0000000084200000| Untracked 
|  39|0x0000000084300000, 0x0000000084300000, 0x0000000084400000|  0%| F|  |TAMS 0x0000000084300000, 0x0000000084300000| Untracked 
|  40|0x0000000084400000, 0x0000000084400000, 0x0000000084500000|  0%| F|  |TAMS 0x0000000084400000, 0x0000000084400000| Untracked 
|  41|0x0000000084500000, 0x0000000084500000, 0x0000000084600000|  0%| F|  |TAMS 0x0000000084500000, 0x0000000084500000| Untracked 
|  42|0x0000000084600000, 0x0000000084600000, 0x0000000084700000|  0%| F|  |TAMS 0x0000000084600000, 0x0000000084600000| Untracked 
|  43|0x0000000084700000, 0x0000000084700000, 0x0000000084800000|  0%| F|  |TAMS 0x0000000084700000, 0x0000000084700000| Untracked 
|  44|0x0000000084800000, 0x00000000848489c0, 0x0000000084900000| 28%| S|CS|TAMS 0x0000000084800000, 0x0000000084800000| Complete 
|  45|0x0000000084900000, 0x0000000084a00000, 0x0000000084a00000|100%| S|CS|TAMS 0x0000000084900000, 0x0000000084900000| Complete 
|  46|0x0000000084a00000, 0x0000000084b00000, 0x0000000084b00000|100%| S|CS|TAMS 0x0000000084a00000, 0x0000000084a00000| Complete 
|  47|0x0000000084b00000, 0x0000000084c00000, 0x0000000084c00000|100%| S|CS|TAMS 0x0000000084b00000, 0x0000000084b00000| Complete 
|  48|0x0000000084c00000, 0x0000000084d00000, 0x0000000084d00000|100%| S|CS|TAMS 0x0000000084c00000, 0x0000000084c00000| Complete 
|  49|0x0000000084d00000, 0x0000000084e00000, 0x0000000084e00000|100%| S|CS|TAMS 0x0000000084d00000, 0x0000000084d00000| Complete 
|  50|0x0000000084e00000, 0x0000000084f00000, 0x0000000084f00000|100%| S|CS|TAMS 0x0000000084e00000, 0x0000000084e00000| Complete 
|  51|0x0000000084f00000, 0x0000000085000000, 0x0000000085000000|100%| S|CS|TAMS 0x0000000084f00000, 0x0000000084f00000| Complete 
|  52|0x0000000085000000, 0x0000000085000000, 0x0000000085100000|  0%| F|  |TAMS 0x0000000085000000, 0x0000000085000000| Untracked 
|  53|0x0000000085100000, 0x0000000085100000, 0x0000000085200000|  0%| F|  |TAMS 0x0000000085100000, 0x0000000085100000| Untracked 
|  54|0x0000000085200000, 0x0000000085200000, 0x0000000085300000|  0%| F|  |TAMS 0x0000000085200000, 0x0000000085200000| Untracked 
|  55|0x0000000085300000, 0x0000000085300000, 0x0000000085400000|  0%| F|  |TAMS 0x0000000085300000, 0x0000000085300000| Untracked 
|  56|0x0000000085400000, 0x0000000085400000, 0x0000000085500000|  0%| F|  |TAMS 0x0000000085400000, 0x0000000085400000| Untracked 
|  57|0x0000000085500000, 0x0000000085500000, 0x0000000085600000|  0%| F|  |TAMS 0x0000000085500000, 0x0000000085500000| Untracked 
|  58|0x0000000085600000, 0x0000000085600000, 0x0000000085700000|  0%| F|  |TAMS 0x0000000085600000, 0x0000000085600000| Untracked 
|  59|0x0000000085700000, 0x0000000085700000, 0x0000000085800000|  0%| F|  |TAMS 0x0000000085700000, 0x0000000085700000| Untracked 
|  60|0x0000000085800000, 0x0000000085800000, 0x0000000085900000|  0%| F|  |TAMS 0x0000000085800000, 0x0000000085800000| Untracked 
|  61|0x0000000085900000, 0x0000000085900000, 0x0000000085a00000|  0%| F|  |TAMS 0x0000000085900000, 0x0000000085900000| Untracked 
|  62|0x0000000085a00000, 0x0000000085a00000, 0x0000000085b00000|  0%| F|  |TAMS 0x0000000085a00000, 0x0000000085a00000| Untracked 
|  63|0x0000000085b00000, 0x0000000085b00000, 0x0000000085c00000|  0%| F|  |TAMS 0x0000000085b00000, 0x0000000085b00000| Untracked 
|  64|0x0000000085c00000, 0x0000000085c00000, 0x0000000085d00000|  0%| F|  |TAMS 0x0000000085c00000, 0x0000000085c00000| Untracked 
|  65|0x0000000085d00000, 0x0000000085d00000, 0x0000000085e00000|  0%| F|  |TAMS 0x0000000085d00000, 0x0000000085d00000| Untracked 
|  66|0x0000000085e00000, 0x0000000085e00000, 0x0000000085f00000|  0%| F|  |TAMS 0x0000000085e00000, 0x0000000085e00000| Untracked 
|  67|0x0000000085f00000, 0x0000000085f00000, 0x0000000086000000|  0%| F|  |TAMS 0x0000000085f00000, 0x0000000085f00000| Untracked 
|  68|0x0000000086000000, 0x0000000086000000, 0x0000000086100000|  0%| F|  |TAMS 0x0000000086000000, 0x0000000086000000| Untracked 
|  69|0x0000000086100000, 0x0000000086100000, 0x0000000086200000|  0%| F|  |TAMS 0x0000000086100000, 0x0000000086100000| Untracked 
|  70|0x0000000086200000, 0x0000000086200000, 0x0000000086300000|  0%| F|  |TAMS 0x0000000086200000, 0x0000000086200000| Untracked 
|  71|0x0000000086300000, 0x0000000086300000, 0x0000000086400000|  0%| F|  |TAMS 0x0000000086300000, 0x0000000086300000| Untracked 
|  72|0x0000000086400000, 0x0000000086400000, 0x0000000086500000|  0%| F|  |TAMS 0x0000000086400000, 0x0000000086400000| Untracked 
|  73|0x0000000086500000, 0x0000000086500000, 0x0000000086600000|  0%| F|  |TAMS 0x0000000086500000, 0x0000000086500000| Untracked 
|  74|0x0000000086600000, 0x0000000086600000, 0x0000000086700000|  0%| F|  |TAMS 0x0000000086600000, 0x0000000086600000| Untracked 
|  75|0x0000000086700000, 0x0000000086700000, 0x0000000086800000|  0%| F|  |TAMS 0x0000000086700000, 0x0000000086700000| Untracked 
|  76|0x0000000086800000, 0x0000000086800000, 0x0000000086900000|  0%| F|  |TAMS 0x0000000086800000, 0x0000000086800000| Untracked 
|  77|0x0000000086900000, 0x0000000086900000, 0x0000000086a00000|  0%| F|  |TAMS 0x0000000086900000, 0x0000000086900000| Untracked 
|  78|0x0000000086a00000, 0x0000000086a00000, 0x0000000086b00000|  0%| F|  |TAMS 0x0000000086a00000, 0x0000000086a00000| Untracked 
|  79|0x0000000086b00000, 0x0000000086b00000, 0x0000000086c00000|  0%| F|  |TAMS 0x0000000086b00000, 0x0000000086b00000| Untracked 
|  80|0x0000000086c00000, 0x0000000086c00000, 0x0000000086d00000|  0%| F|  |TAMS 0x0000000086c00000, 0x0000000086c00000| Untracked 
|  81|0x0000000086d00000, 0x0000000086d00000, 0x0000000086e00000|  0%| F|  |TAMS 0x0000000086d00000, 0x0000000086d00000| Untracked 
|  82|0x0000000086e00000, 0x0000000086e00000, 0x0000000086f00000|  0%| F|  |TAMS 0x0000000086e00000, 0x0000000086e00000| Untracked 
|  83|0x0000000086f00000, 0x0000000086f00000, 0x0000000087000000|  0%| F|  |TAMS 0x0000000086f00000, 0x0000000086f00000| Untracked 
|  84|0x0000000087000000, 0x0000000087000000, 0x0000000087100000|  0%| F|  |TAMS 0x0000000087000000, 0x0000000087000000| Untracked 
|  85|0x0000000087100000, 0x0000000087100000, 0x0000000087200000|  0%| F|  |TAMS 0x0000000087100000, 0x0000000087100000| Untracked 
|  86|0x0000000087200000, 0x0000000087200000, 0x0000000087300000|  0%| F|  |TAMS 0x0000000087200000, 0x0000000087200000| Untracked 
|  87|0x0000000087300000, 0x0000000087300000, 0x0000000087400000|  0%| F|  |TAMS 0x0000000087300000, 0x0000000087300000| Untracked 
|  88|0x0000000087400000, 0x0000000087400000, 0x0000000087500000|  0%| F|  |TAMS 0x0000000087400000, 0x0000000087400000| Untracked 
|  89|0x0000000087500000, 0x0000000087500000, 0x0000000087600000|  0%| F|  |TAMS 0x0000000087500000, 0x0000000087500000| Untracked 
|  90|0x0000000087600000, 0x0000000087600000, 0x0000000087700000|  0%| F|  |TAMS 0x0000000087600000, 0x0000000087600000| Untracked 
|  91|0x0000000087700000, 0x0000000087700000, 0x0000000087800000|  0%| F|  |TAMS 0x0000000087700000, 0x0000000087700000| Untracked 
|  92|0x0000000087800000, 0x0000000087800000, 0x0000000087900000|  0%| F|  |TAMS 0x0000000087800000, 0x0000000087800000| Untracked 
|  93|0x0000000087900000, 0x0000000087900000, 0x0000000087a00000|  0%| F|  |TAMS 0x0000000087900000, 0x0000000087900000| Untracked 
|  94|0x0000000087a00000, 0x0000000087a00000, 0x0000000087b00000|  0%| F|  |TAMS 0x0000000087a00000, 0x0000000087a00000| Untracked 
|  95|0x0000000087b00000, 0x0000000087b00000, 0x0000000087c00000|  0%| F|  |TAMS 0x0000000087b00000, 0x0000000087b00000| Untracked 
|  96|0x0000000087c00000, 0x0000000087c00000, 0x0000000087d00000|  0%| F|  |TAMS 0x0000000087c00000, 0x0000000087c00000| Untracked 
|  97|0x0000000087d00000, 0x0000000087d00000, 0x0000000087e00000|  0%| F|  |TAMS 0x0000000087d00000, 0x0000000087d00000| Untracked 
|  98|0x0000000087e00000, 0x0000000087e00000, 0x0000000087f00000|  0%| F|  |TAMS 0x0000000087e00000, 0x0000000087e00000| Untracked 
|  99|0x0000000087f00000, 0x0000000087f00000, 0x0000000088000000|  0%| F|  |TAMS 0x0000000087f00000, 0x0000000087f00000| Untracked 
| 100|0x0000000088000000, 0x0000000088000000, 0x0000000088100000|  0%| F|  |TAMS 0x0000000088000000, 0x0000000088000000| Untracked 
| 101|0x0000000088100000, 0x0000000088100000, 0x0000000088200000|  0%| F|  |TAMS 0x0000000088100000, 0x0000000088100000| Untracked 
| 102|0x0000000088200000, 0x0000000088200000, 0x0000000088300000|  0%| F|  |TAMS 0x0000000088200000, 0x0000000088200000| Untracked 
| 103|0x0000000088300000, 0x0000000088300000, 0x0000000088400000|  0%| F|  |TAMS 0x0000000088300000, 0x0000000088300000| Untracked 
| 104|0x0000000088400000, 0x0000000088400000, 0x0000000088500000|  0%| F|  |TAMS 0x0000000088400000, 0x0000000088400000| Untracked 
| 105|0x0000000088500000, 0x0000000088500000, 0x0000000088600000|  0%| F|  |TAMS 0x0000000088500000, 0x0000000088500000| Untracked 
| 106|0x0000000088600000, 0x0000000088600000, 0x0000000088700000|  0%| F|  |TAMS 0x0000000088600000, 0x0000000088600000| Untracked 
| 107|0x0000000088700000, 0x0000000088700000, 0x0000000088800000|  0%| F|  |TAMS 0x0000000088700000, 0x0000000088700000| Untracked 
| 108|0x0000000088800000, 0x0000000088800000, 0x0000000088900000|  0%| F|  |TAMS 0x0000000088800000, 0x0000000088800000| Untracked 
| 109|0x0000000088900000, 0x0000000088900000, 0x0000000088a00000|  0%| F|  |TAMS 0x0000000088900000, 0x0000000088900000| Untracked 
| 110|0x0000000088a00000, 0x0000000088a00000, 0x0000000088b00000|  0%| F|  |TAMS 0x0000000088a00000, 0x0000000088a00000| Untracked 
| 111|0x0000000088b00000, 0x0000000088b00000, 0x0000000088c00000|  0%| F|  |TAMS 0x0000000088b00000, 0x0000000088b00000| Untracked 
| 112|0x0000000088c00000, 0x0000000088c00000, 0x0000000088d00000|  0%| F|  |TAMS 0x0000000088c00000, 0x0000000088c00000| Untracked 
| 113|0x0000000088d00000, 0x0000000088d00000, 0x0000000088e00000|  0%| F|  |TAMS 0x0000000088d00000, 0x0000000088d00000| Untracked 
| 114|0x0000000088e00000, 0x0000000088e00000, 0x0000000088f00000|  0%| F|  |TAMS 0x0000000088e00000, 0x0000000088e00000| Untracked 
| 115|0x0000000088f00000, 0x0000000088f00000, 0x0000000089000000|  0%| F|  |TAMS 0x0000000088f00000, 0x0000000088f00000| Untracked 
| 116|0x0000000089000000, 0x0000000089000000, 0x0000000089100000|  0%| F|  |TAMS 0x0000000089000000, 0x0000000089000000| Untracked 
| 117|0x0000000089100000, 0x0000000089200000, 0x0000000089200000|100%| E|  |TAMS 0x0000000089100000, 0x0000000089100000| Complete 
| 118|0x0000000089200000, 0x0000000089300000, 0x0000000089300000|100%| E|CS|TAMS 0x0000000089200000, 0x0000000089200000| Complete 
| 119|0x0000000089300000, 0x0000000089400000, 0x0000000089400000|100%| E|CS|TAMS 0x0000000089300000, 0x0000000089300000| Complete 
| 120|0x0000000089400000, 0x0000000089500000, 0x0000000089500000|100%| E|CS|TAMS 0x0000000089400000, 0x0000000089400000| Complete 
| 121|0x0000000089500000, 0x0000000089600000, 0x0000000089600000|100%| E|CS|TAMS 0x0000000089500000, 0x0000000089500000| Complete 
| 122|0x0000000089600000, 0x0000000089700000, 0x0000000089700000|100%| E|CS|TAMS 0x0000000089600000, 0x0000000089600000| Complete 
| 123|0x0000000089700000, 0x0000000089800000, 0x0000000089800000|100%| E|CS|TAMS 0x0000000089700000, 0x0000000089700000| Complete 
| 124|0x0000000089800000, 0x0000000089900000, 0x0000000089900000|100%| E|CS|TAMS 0x0000000089800000, 0x0000000089800000| Complete 
| 125|0x0000000089900000, 0x0000000089a00000, 0x0000000089a00000|100%| E|CS|TAMS 0x0000000089900000, 0x0000000089900000| Complete 
| 126|0x0000000089a00000, 0x0000000089b00000, 0x0000000089b00000|100%| E|CS|TAMS 0x0000000089a00000, 0x0000000089a00000| Complete 
| 127|0x0000000089b00000, 0x0000000089c00000, 0x0000000089c00000|100%| E|CS|TAMS 0x0000000089b00000, 0x0000000089b00000| Complete 

Card table byte_map: [0x000001e39c440000,0x000001e39c840000] _byte_map_base: 0x000001e39c032000

Marking Bits (Prev, Next): (CMBitMap*) 0x000001e38492d078, (CMBitMap*) 0x000001e38492d0b8
 Prev Bits: [0x000001e39cc40000, 0x000001e39ebd0000)
 Next Bits: [0x000001e39ebd0000, 0x000001e3a0b60000)

Polling page: 0x000001e382820000

Metaspace:

Usage:
  Non-class:     13.06 MB capacity,    11.67 MB ( 89%) used,     1.37 MB ( 11%) free+waste,    18.19 KB ( <1%) overhead. 
      Class:      1.80 MB capacity,     1.54 MB ( 86%) used,   253.14 KB ( 14%) free+waste,     8.31 KB ( <1%) overhead. 
       Both:     14.85 MB capacity,    13.21 MB ( 89%) used,     1.62 MB ( 11%) free+waste,    26.50 KB ( <1%) overhead. 

Virtual space:
  Non-class space:       14.00 MB reserved,      13.25 MB ( 95%) committed 
      Class space:        1.00 GB reserved,       1.88 MB ( <1%) committed 
             Both:        1.01 GB reserved,      15.13 MB (  1%) committed 

Chunk freelists:
   Non-Class:  640 bytes
       Class:  2.13 KB
        Both:  2.75 KB

CodeHeap 'non-profiled nmethods': size=120000Kb used=1450Kb max_used=1450Kb free=118549Kb
 bounds [0x000001e3947c0000, 0x000001e394a30000, 0x000001e39bcf0000]
CodeHeap 'profiled nmethods': size=120000Kb used=6717Kb max_used=6717Kb free=113282Kb
 bounds [0x000001e38d290000, 0x000001e38d920000, 0x000001e3947c0000]
CodeHeap 'non-nmethods': size=5760Kb used=1126Kb max_used=1156Kb free=4634Kb
 bounds [0x000001e38ccf0000, 0x000001e38cf60000, 0x000001e38d290000]
 total_blobs=4167 nmethods=3064 adapters=345
 compilation: enabled
              stopped_count=0, restarted_count=0
 full_count=0

Compilation events (10 events):
Event: 2.551 Thread 0x000001e3a35c3800 3017       3       org.apache.maven.model.Site::getLocation (25 bytes)
Event: 2.552 Thread 0x000001e3a35c3800 nmethod 3017 0x000001e38d8ee590 code [0x000001e38d8ee760, 0x000001e38d8eeb10]
Event: 2.552 Thread 0x000001e3a35c3800 3018       3       org.apache.maven.model.Site::setLocation (35 bytes)
Event: 2.552 Thread 0x000001e3a35c3800 nmethod 3018 0x000001e38d8eec10 code [0x000001e38d8eee00, 0x000001e38d8ef330]
Event: 2.552 Thread 0x000001e3a35c3800 3020       3       java.util.HashMap::clear (50 bytes)
Event: 2.552 Thread 0x000001e3a35c3800 nmethod 3020 0x000001e38d8ef510 code [0x000001e38d8ef6e0, 0x000001e38d8efb38]
Event: 2.552 Thread 0x000001e3a35c3800 3021       3       org.apache.maven.model.path.DefaultUrlNormalizer::normalize (101 bytes)
Event: 2.554 Thread 0x000001e3a35c3800 nmethod 3021 0x000001e38d8efc90 code [0x000001e38d8effe0, 0x000001e38d8f1240]
Event: 2.554 Thread 0x000001e3a35c3800 3019   !   3       jdk.internal.reflect.GeneratedMethodAccessor2::invoke (61 bytes)
Event: 2.554 Thread 0x000001e3a35c3800 nmethod 3019 0x000001e38d8f1890 code [0x000001e38d8f1ac0, 0x000001e38d8f2250]

GC Heap History (4 events):
Event: 0.744 GC heap before
{Heap before GC invocations=0 (full 0):
 garbage-first heap   total 131072K, used 23552K [0x0000000081c00000, 0x0000000100000000)
  region size 1024K, 24 young (24576K), 0 survivors (0K)
 Metaspace       used 4779K, capacity 7581K, committed 7808K, reserved 1056768K
  class space    used 603K, capacity 890K, committed 896K, reserved 1048576K
}
Event: 0.749 GC heap after
{Heap after GC invocations=1 (full 0):
 garbage-first heap   total 131072K, used 3311K [0x0000000081c00000, 0x0000000100000000)
  region size 1024K, 3 young (3072K), 3 survivors (3072K)
 Metaspace       used 4779K, capacity 7581K, committed 7808K, reserved 1056768K
  class space    used 603K, capacity 890K, committed 896K, reserved 1048576K
}
Event: 2.428 GC heap before
{Heap before GC invocations=1 (full 0):
 garbage-first heap   total 131072K, used 78063K [0x0000000081c00000, 0x0000000100000000)
  region size 1024K, 76 young (77824K), 3 survivors (3072K)
 Metaspace       used 13384K, capacity 15080K, committed 15232K, reserved 1062912K
  class space    used 1577K, capacity 1839K, committed 1920K, reserved 1048576K
}
Event: 2.440 GC heap after
{Heap after GC invocations=2 (full 0):
 garbage-first heap   total 131072K, used 7697K [0x0000000081c00000, 0x0000000100000000)
  region size 1024K, 8 young (8192K), 8 survivors (8192K)
 Metaspace       used 13384K, capacity 15080K, committed 15232K, reserved 1062912K
  class space    used 1577K, capacity 1839K, committed 1920K, reserved 1048576K
}

Deoptimization events (10 events):
Event: 2.427 Thread 0x000001e3848ee800 Uncommon trap: reason=array_check action=maybe_recompile pc=0x000001e3949075f8 method=java.util.AbstractCollection.toArray([Ljava/lang/Object;)[Ljava/lang/Object; @ 116 c2
Event: 2.498 Thread 0x000001e3848ee800 Uncommon trap: reason=unstable_if action=reinterpret pc=0x000001e3948a27ec method=java.lang.StringLatin1.trim([B)Ljava/lang/String; @ 60 c2
Event: 2.516 Thread 0x000001e3848ee800 Uncommon trap: reason=profile_predicate action=maybe_recompile pc=0x000001e394919e90 method=java.util.concurrent.ConcurrentHashMap.putAll(Ljava/util/Map;)V @ 28 c2
Event: 2.516 Thread 0x000001e3848ee800 Uncommon trap: reason=profile_predicate action=maybe_recompile pc=0x000001e394919e90 method=java.util.concurrent.ConcurrentHashMap.putAll(Ljava/util/Map;)V @ 28 c2
Event: 2.516 Thread 0x000001e3848ee800 Uncommon trap: reason=profile_predicate action=maybe_recompile pc=0x000001e394919e90 method=java.util.concurrent.ConcurrentHashMap.putAll(Ljava/util/Map;)V @ 28 c2
Event: 2.516 Thread 0x000001e3848ee800 Uncommon trap: reason=profile_predicate action=maybe_recompile pc=0x000001e394919e90 method=java.util.concurrent.ConcurrentHashMap.putAll(Ljava/util/Map;)V @ 28 c2
Event: 2.520 Thread 0x000001e3848ee800 Uncommon trap: reason=array_check action=maybe_recompile pc=0x000001e3949075f8 method=java.util.AbstractCollection.toArray([Ljava/lang/Object;)[Ljava/lang/Object; @ 116 c2
Event: 2.520 Thread 0x000001e3848ee800 Uncommon trap: reason=array_check action=maybe_recompile pc=0x000001e3949075f8 method=java.util.AbstractCollection.toArray([Ljava/lang/Object;)[Ljava/lang/Object; @ 116 c2
Event: 2.532 Thread 0x000001e3848ee800 Uncommon trap: reason=unstable_if action=reinterpret pc=0x000001e39487a42c method=java.lang.StringLatin1.trim([B)Ljava/lang/String; @ 60 c2
Event: 2.537 Thread 0x000001e3848ee800 Uncommon trap: reason=array_check action=maybe_recompile pc=0x000001e3949075f8 method=java.util.AbstractCollection.toArray([Ljava/lang/Object;)[Ljava/lang/Object; @ 116 c2

Classes redefined (0 events):
No events

Internal exceptions (7 events):
Event: 0.383 Thread 0x000001e3848ee800 Exception <a 'java/lang/NoSuchMethodError'{0x00000000896c0778}: java.lang.invoke.DirectMethodHandle$Holder.invokeSpecialIFC(Ljava/lang/Object;Ljava/lang/Object;I)I> (0x00000000896c0778) thrown at [t:/workspace/open/src/hotspot/share/interpreter/linkResolv
Event: 1.474 Thread 0x000001e3848ee800 Exception <a 'java/lang/NoClassDefFoundError'{0x0000000087c1e868}: com/google/inject/servlet/ServletModuleTargetVisitor> (0x0000000087c1e868) thrown at [t:/workspace/open/src/hotspot/share/classfile/systemDictionary.cpp, line 224]
Event: 1.474 Thread 0x000001e3848ee800 Exception <a 'java/lang/NoClassDefFoundError'{0x0000000087c212d0}: javax/annotation/Priority> (0x0000000087c212d0) thrown at [t:/workspace/open/src/hotspot/share/classfile/systemDictionary.cpp, line 224]
Event: 1.564 Thread 0x000001e3848ee800 Exception <a 'java/lang/NoSuchMethodError'{0x00000000878ab4e0}: java.lang.invoke.DirectMethodHandle$Holder.invokeStaticInit(Ljava/lang/Object;IIII)Ljava/lang/Object;> (0x00000000878ab4e0) thrown at [t:/workspace/open/src/hotspot/share/interpreter/linkReso
Event: 1.949 Thread 0x000001e3848ee800 Implicit null exception at 0x000001e394845905 to 0x000001e394845ae2
Event: 1.949 Thread 0x000001e3848ee800 Implicit null exception at 0x000001e394830c4f to 0x000001e394830ccd
Event: 1.975 Thread 0x000001e3848ee800 Implicit null exception at 0x000001e39484dfcb to 0x000001e39484e6da

Events (10 events):
Event: 2.520 Thread 0x000001e3848ee800 DEOPT UNPACKING pc=0x000001e38cd19baf sp=0x000000889d2fc9f0 mode 2
Event: 2.520 Thread 0x000001e3848ee800 Uncommon trap: trap_request=0xffffffd6 fr.pc=0x000001e3949075f8 relative=0x00000000000008d8
Event: 2.520 Thread 0x000001e3848ee800 DEOPT PACKING pc=0x000001e3949075f8 sp=0x000000889d2fccd0
Event: 2.520 Thread 0x000001e3848ee800 DEOPT UNPACKING pc=0x000001e38cd19baf sp=0x000000889d2fcc10 mode 2
Event: 2.532 Thread 0x000001e3848ee800 Uncommon trap: trap_request=0xffffff4d fr.pc=0x000001e39487a42c relative=0x000000000000046c
Event: 2.532 Thread 0x000001e3848ee800 DEOPT PACKING pc=0x000001e39487a42c sp=0x000000889d2fcdb0
Event: 2.532 Thread 0x000001e3848ee800 DEOPT UNPACKING pc=0x000001e38cd19baf sp=0x000000889d2fcd70 mode 2
Event: 2.537 Thread 0x000001e3848ee800 Uncommon trap: trap_request=0xffffffd6 fr.pc=0x000001e3949075f8 relative=0x00000000000008d8
Event: 2.537 Thread 0x000001e3848ee800 DEOPT PACKING pc=0x000001e3949075f8 sp=0x000000889d2fc950
Event: 2.537 Thread 0x000001e3848ee800 DEOPT UNPACKING pc=0x000001e38cd19baf sp=0x000000889d2fc890 mode 2


Dynamic libraries:
0x00007ff7199e0000 - 0x00007ff7199ef000 	C:\Program Files\Java\jdk-12.0.2\bin\java.exe
0x00007ff947be0000 - 0x00007ff947dcd000 	C:\WINDOWS\SYSTEM32\ntdll.dll
0x00007ff9465a0000 - 0x00007ff946653000 	C:\WINDOWS\System32\KERNEL32.DLL
0x00007ff9446a0000 - 0x00007ff944933000 	C:\WINDOWS\System32\KERNELBASE.dll
0x00007ff943cc0000 - 0x00007ff943dba000 	C:\WINDOWS\System32\ucrtbase.dll
0x00007ff937360000 - 0x00007ff937376000 	C:\Program Files\Java\jdk-12.0.2\bin\VCRUNTIME140.dll
0x00007ff936890000 - 0x00007ff9368a8000 	C:\Program Files\Java\jdk-12.0.2\bin\jli.dll
0x00007ff946af0000 - 0x00007ff946b93000 	C:\WINDOWS\System32\ADVAPI32.dll
0x00007ff946500000 - 0x00007ff94659e000 	C:\WINDOWS\System32\msvcrt.dll
0x00007ff946430000 - 0x00007ff9464ce000 	C:\WINDOWS\System32\sechost.dll
0x00007ff946dc0000 - 0x00007ff946ee2000 	C:\WINDOWS\System32\RPCRT4.dll
0x00007ff947a10000 - 0x00007ff947ba7000 	C:\WINDOWS\System32\USER32.dll
0x00007ff943ca0000 - 0x00007ff943cc0000 	C:\WINDOWS\System32\win32u.dll
0x00007ff92e4d0000 - 0x00007ff92e749000 	C:\WINDOWS\WinSxS\amd64_microsoft.windows.common-controls_6595b64144ccf1df_6.0.17763.1039_none_de701650534c7021\COMCTL32.dll
0x00007ff9464d0000 - 0x00007ff9464f9000 	C:\WINDOWS\System32\GDI32.dll
0x00007ff947370000 - 0x00007ff94769c000 	C:\WINDOWS\System32\combase.dll
0x00007ff944c60000 - 0x00007ff944df9000 	C:\WINDOWS\System32\gdi32full.dll
0x00007ff944940000 - 0x00007ff9449e0000 	C:\WINDOWS\System32\msvcp_win.dll
0x00007ff943e70000 - 0x00007ff943eee000 	C:\WINDOWS\System32\bcryptPrimitives.dll
0x00007ff934c70000 - 0x00007ff934c7a000 	C:\WINDOWS\SYSTEM32\VERSION.dll
0x00007ff944e90000 - 0x00007ff944ebe000 	C:\WINDOWS\System32\IMM32.DLL
0x00007ff908350000 - 0x00007ff9083fa000 	C:\Program Files\Java\jdk-12.0.2\bin\msvcp140.dll
0x00007ff8ef6e0000 - 0x00007ff8f0257000 	C:\Program Files\Java\jdk-12.0.2\bin\server\jvm.dll
0x00007ff9463c0000 - 0x00007ff9463c8000 	C:\WINDOWS\System32\PSAPI.DLL
0x00007ff92dcb0000 - 0x00007ff92dcb9000 	C:\WINDOWS\SYSTEM32\WSOCK32.dll
0x00007ff941390000 - 0x00007ff9413b4000 	C:\WINDOWS\SYSTEM32\WINMM.dll
0x00007ff946ba0000 - 0x00007ff946c0d000 	C:\WINDOWS\System32\WS2_32.dll
0x00007ff940fa0000 - 0x00007ff940fcd000 	C:\WINDOWS\SYSTEM32\winmmbase.dll
0x00007ff944be0000 - 0x00007ff944c2a000 	C:\WINDOWS\System32\cfgmgr32.dll
0x00007ff943bd0000 - 0x00007ff943be1000 	C:\WINDOWS\System32\kernel.appcore.dll
0x00007ff936640000 - 0x00007ff936651000 	C:\Program Files\Java\jdk-12.0.2\bin\verify.dll
0x00007ff9411a0000 - 0x00007ff94138d000 	C:\WINDOWS\SYSTEM32\DBGHELP.DLL
0x00007ff92cb10000 - 0x00007ff92cb3a000 	C:\WINDOWS\SYSTEM32\dbgcore.DLL
0x00007ff933a70000 - 0x00007ff933a96000 	C:\Program Files\Java\jdk-12.0.2\bin\java.dll
0x00007ff933a50000 - 0x00007ff933a67000 	C:\Program Files\Java\jdk-12.0.2\bin\zip.dll
0x00007ff937a50000 - 0x00007ff937a5a000 	C:\Program Files\Java\jdk-12.0.2\bin\jimage.dll
0x00007ff944ec0000 - 0x00007ff9463b4000 	C:\WINDOWS\System32\SHELL32.dll
0x00007ff9467c0000 - 0x00007ff946868000 	C:\WINDOWS\System32\shcore.dll
0x00007ff943ef0000 - 0x00007ff94463d000 	C:\WINDOWS\System32\windows.storage.dll
0x00007ff943c50000 - 0x00007ff943c74000 	C:\WINDOWS\System32\profapi.dll
0x00007ff943bf0000 - 0x00007ff943c4d000 	C:\WINDOWS\System32\powrprof.dll
0x00007ff946870000 - 0x00007ff9468c2000 	C:\WINDOWS\System32\shlwapi.dll
0x00007ff9449e0000 - 0x00007ff9449f7000 	C:\WINDOWS\System32\cryptsp.dll
0x00007ff933a30000 - 0x00007ff933a49000 	C:\Program Files\Java\jdk-12.0.2\bin\net.dll
0x00007ff93ec80000 - 0x00007ff93ed72000 	C:\WINDOWS\SYSTEM32\WINHTTP.dll
0x00007ff931b70000 - 0x00007ff931d48000 	C:\WINDOWS\SYSTEM32\urlmon.dll
0x00007ff9320e0000 - 0x00007ff932388000 	C:\WINDOWS\SYSTEM32\iertutil.dll
0x00007ff943610000 - 0x00007ff94361c000 	C:\WINDOWS\SYSTEM32\CRYPTBASE.DLL
0x00007ff943430000 - 0x00007ff943497000 	C:\WINDOWS\system32\mswsock.dll
0x00007ff933a10000 - 0x00007ff933a23000 	C:\Program Files\Java\jdk-12.0.2\bin\nio.dll

dbghelp: loaded successfully - version: 4.0.5 - missing functions: none
symbol engine: initialized successfully - sym options: 0x614 - pdb path: .;C:\Program Files\Java\jdk-12.0.2\bin;C:\WINDOWS\SYSTEM32;C:\WINDOWS\WinSxS\amd64_microsoft.windows.common-controls_6595b64144ccf1df_6.0.17763.1039_none_de701650534c7021;C:\Program Files\Java\jdk-12.0.2\bin\server

VM Arguments:
jvm_args: -Dclassworlds.conf=C:\netbeans\java\maven\bin\m2.conf -Dmaven.home=C:\netbeans\java\maven -Dmaven.multiModuleProjectDirectory=C:\Users\danny\OneDrive\Documents\NetBeansProjects\DigitalClock 
java_command: org.codehaus.plexus.classworlds.launcher.Launcher -Dexec.args=-classpath %classpath digital_clock.DigitalClock -Dexec.executable=C:\Program Files\Java\jdk-12.0.2\bin\java.exe -Dmaven.ext.class.path=C:\netbeans\java\maven-nblib\netbeans-eventspy.jar -Dfile.encoding=UTF-8 process-classes org.codehaus.mojo:exec-maven-plugin:1.5.0:exec
java_class_path (initial): C:\netbeans\java\maven\boot\plexus-classworlds-2.5.2.jar
Launcher Type: SUN_STANDARD

[Global flags]
     intx CICompilerCount                          = 4                                         {product} {ergonomic}
     uint ConcGCThreads                            = 2                                         {product} {ergonomic}
     uint G1ConcRefinementThreads                  = 8                                         {product} {ergonomic}
   size_t G1HeapRegionSize                         = 1048576                                   {product} {ergonomic}
    uintx GCDrainStackTargetSize                   = 64                                        {product} {ergonomic}
   size_t InitialHeapSize                          = 134217728                                 {product} {ergonomic}
   size_t MarkStackSize                            = 4194304                                   {product} {ergonomic}
   size_t MaxHeapSize                              = 2118123520                                {product} {ergonomic}
   size_t MaxNewSize                               = 1270874112                                {product} {ergonomic}
   size_t MinHeapDeltaBytes                        = 1048576                                   {product} {ergonomic}
    uintx NonNMethodCodeHeapSize                   = 5836300                                {pd product} {ergonomic}
    uintx NonProfiledCodeHeapSize                  = 122910970                              {pd product} {ergonomic}
    uintx ProfiledCodeHeapSize                     = 122910970                              {pd product} {ergonomic}
    uintx ReservedCodeCacheSize                    = 251658240                              {pd product} {ergonomic}
     bool SegmentedCodeCache                       = true                                      {product} {ergonomic}
     bool UseCompressedClassPointers               = true                                 {lp64_product} {ergonomic}
     bool UseCompressedOops                        = true                                 {lp64_product} {ergonomic}
     bool UseG1GC                                  = true                                      {product} {ergonomic}
     bool UseLargePagesIndividualAllocation        = false                                  {pd product} {ergonomic}

Logging:
Log output configuration:
 #0: stdout all=warning uptime,level,tags
 #1: stderr all=off uptime,level,tags

Environment Variables:
JAVA_HOME=C:\Program Files\Java\jdk-12.0.2
PATH=C:\Program Files (x86)\Intel\Intel(R) Management Engine Components\iCLS\;C:\Program Files\Intel\Intel(R) Management Engine Components\iCLS\;C:\WINDOWS\system32;C:\WINDOWS;C:\WINDOWS\System32\Wbem;C:\WINDOWS\System32\WindowsPowerShell\v1.0\;C:\WINDOWS\System32\OpenSSH\;C:\Program Files (x86)\Intel\Intel(R) Management Engine Components\DAL;C:\Program Files\Intel\Intel(R) Management Engine Components\DAL;C:\Program Files (x86)\Intel\Intel(R) Management Engine Components\IPT;C:\Program Files\Intel\Intel(R) Management Engine Components\IPT;C:\Program Files\Java\jdk-12.0.2\bin;C:\Program Files\Java\jdk-12.0.2\bin;C:\Program Files\Java\jdk-12.0.2\bin;C:\Program Files\Git\cmd;C:\Program Files\MySQL\MySQL Shell 8.0\bin\;C:\Users\danny\AppData\Local\Microsoft\WindowsApps;
USERNAME=danny
OS=Windows_NT
PROCESSOR_IDENTIFIER=Intel64 Family 6 Model 142 Stepping 10, GenuineIntel



---------------  S Y S T E M  ---------------

OS: Windows 10 , 64 bit Build 17763 (10.0.17763.475)

CPU:total 8 (initial active 8) (4 cores per cpu, 2 threads per core) family 6 model 142 stepping 10, cmov, cx8, fxsr, mmx, sse, sse2, sse3, ssse3, sse4.1, sse4.2, popcnt, avx, avx2, aes, clmul, erms, 3dnowpref, lzcnt, ht, tsc, tscinvbit, bmi1, bmi2, adx, fma

Memory: 4k page, system-wide physical 8076M (744M free)
TotalPageFile size 23195M (AvailPageFile size 5M)
current process WorkingSet (physical memory assigned to process): 168M, peak: 169M
current process commit charge ("private bytes"): 255M, peak: 258M

vm_info: Java HotSpot(TM) 64-Bit Server VM (12.0.2+10) for windows-amd64 JRE (12.0.2+10), built on Jul 16 2019 01:56:17 by "mach5one" with MS VC++ 15.5 (VS2017)

END.
